<?xml version="1.0" encoding="UTF-8"?>
<!-- Generated by org.testng.reporters.JUnitReportReporter -->
<testsuite hostname="tom-laptop" name="com.skalicky.tomas.cv.businesslogic.CVServiceImplTest" tests="1" failures="1" timestamp="19 Apr 2014 11:31:17 GMT" time="0.718" errors="0">
  <testcase name="testGetCV" time="0.718" classname="com.skalicky.tomas.cv.businesslogic.CVServiceImplTest">
    <failure type="java.lang.RuntimeException" message="org.codehaus.jackson.map.JsonMappingException: Can not instantiate value of type [simple type, class java.time.LocalDate] from JSON String; no single-String constructor/factory method (through reference chain: com.skalicky.tomas.cv.domain.CV[&quot;person&quot;]-&gt;com.skalicky.tomas.cv.domain.Person[&quot;birthday&quot;])">
      <![CDATA[java.lang.RuntimeException: org.codehaus.jackson.map.JsonMappingException: Can not instantiate value of type [simple type, class java.time.LocalDate] from JSON String; no single-String constructor/factory method (through reference chain: com.skalicky.tomas.cv.domain.CV["person"]->com.skalicky.tomas.cv.domain.Person["birthday"])
	at com.skalicky.tomas.cv.persistencelayer.JsonReader.read(JsonReader.java:36)
	at com.skalicky.tomas.cv.businesslogic.CVServiceImpl.getCV(CVServiceImpl.java:38)
	at com.skalicky.tomas.cv.businesslogic.CVServiceImplTest.testGetCV(CVServiceImplTest.java:28)
	at sun.reflect.NativeMethodAccessorImpl.invoke0(Native Method)
	at sun.reflect.NativeMethodAccessorImpl.invoke(NativeMethodAccessorImpl.java:62)
	at sun.reflect.DelegatingMethodAccessorImpl.invoke(DelegatingMethodAccessorImpl.java:43)
	at java.lang.reflect.Method.invoke(Method.java:483)
	at org.testng.internal.MethodInvocationHelper.invokeMethod(MethodInvocationHelper.java:84)
	at org.testng.internal.MethodInvocationHelper$1.runTestMethod(MethodInvocationHelper.java:200)
	at org.springframework.test.context.testng.AbstractTestNGSpringContextTests.run(AbstractTestNGSpringContextTests.java:172)
	at sun.reflect.NativeMethodAccessorImpl.invoke0(Native Method)
	at sun.reflect.NativeMethodAccessorImpl.invoke(NativeMethodAccessorImpl.java:62)
	at sun.reflect.DelegatingMethodAccessorImpl.invoke(DelegatingMethodAccessorImpl.java:43)
	at java.lang.reflect.Method.invoke(Method.java:483)
	at org.testng.internal.MethodInvocationHelper.invokeHookable(MethodInvocationHelper.java:212)
	at org.testng.internal.Invoker.invokeMethod(Invoker.java:707)
	at org.testng.internal.Invoker.invokeTestMethod(Invoker.java:901)
	at org.testng.internal.Invoker.invokeTestMethods(Invoker.java:1231)
	at org.testng.internal.TestMethodWorker.invokeTestMethods(TestMethodWorker.java:127)
	at org.testng.internal.TestMethodWorker.run(TestMethodWorker.java:111)
	at org.testng.TestRunner.privateRun(TestRunner.java:767)
	at org.testng.TestRunner.run(TestRunner.java:617)
	at org.testng.SuiteRunner.runTest(SuiteRunner.java:334)
	at org.testng.SuiteRunner.runSequentially(SuiteRunner.java:329)
	at org.testng.SuiteRunner.privateRun(SuiteRunner.java:291)
	at org.testng.SuiteRunner.run(SuiteRunner.java:240)
	at org.testng.SuiteRunnerWorker.runSuite(SuiteRunnerWorker.java:52)
	at org.testng.SuiteRunnerWorker.run(SuiteRunnerWorker.java:86)
	at org.testng.TestNG.runSuitesSequentially(TestNG.java:1224)
	at org.testng.TestNG.runSuitesLocally(TestNG.java:1149)
	at org.testng.TestNG.run(TestNG.java:1057)
	at org.testng.remote.RemoteTestNG.run(RemoteTestNG.java:111)
	at org.testng.remote.RemoteTestNG.initAndRun(RemoteTestNG.java:204)
	at org.testng.remote.RemoteTestNG.main(RemoteTestNG.java:175)
Caused by: org.codehaus.jackson.map.JsonMappingException: Can not instantiate value of type [simple type, class java.time.LocalDate] from JSON String; no single-String constructor/factory method (through reference chain: com.skalicky.tomas.cv.domain.CV["person"]->com.skalicky.tomas.cv.domain.Person["birthday"])
	at org.codehaus.jackson.map.deser.std.StdValueInstantiator._createFromStringFallbacks(StdValueInstantiator.java:379)
	at org.codehaus.jackson.map.deser.std.StdValueInstantiator.createFromString(StdValueInstantiator.java:268)
	at org.codehaus.jackson.map.deser.BeanDeserializer.deserializeFromString(BeanDeserializer.java:765)
	at org.codehaus.jackson.map.deser.BeanDeserializer.deserialize(BeanDeserializer.java:585)
	at org.codehaus.jackson.map.deser.SettableBeanProperty.deserialize(SettableBeanProperty.java:299)
	at org.codehaus.jackson.map.deser.SettableBeanProperty$MethodProperty.deserializeAndSet(SettableBeanProperty.java:414)
	at org.codehaus.jackson.map.deser.BeanDeserializer.deserializeFromObject(BeanDeserializer.java:697)
	at org.codehaus.jackson.map.deser.BeanDeserializer.deserialize(BeanDeserializer.java:580)
	at org.codehaus.jackson.map.deser.SettableBeanProperty.deserialize(SettableBeanProperty.java:299)
	at org.codehaus.jackson.map.deser.SettableBeanProperty$MethodProperty.deserializeAndSet(SettableBeanProperty.java:414)
	at org.codehaus.jackson.map.deser.BeanDeserializer.deserializeFromObject(BeanDeserializer.java:697)
	at org.codehaus.jackson.map.deser.BeanDeserializer.deserialize(BeanDeserializer.java:580)
	at org.codehaus.jackson.map.ObjectMapper._readMapAndClose(ObjectMapper.java:2732)
	at org.codehaus.jackson.map.ObjectMapper.readValue(ObjectMapper.java:1909)
	at com.skalicky.tomas.cv.persistencelayer.JsonReader.read(JsonReader.java:29)
	... 33 more
]]>
    </failure>
  </testcase> <!-- testGetCV -->
</testsuite> <!-- com.skalicky.tomas.cv.businesslogic.CVServiceImplTest -->
